<?xml version="1.0" encoding="UTF-8"?>
<!-- Generated by org.testng.reporters.JUnitXMLReporter -->
<testsuite hostname="ws-43" ignored="6" name="Regression test on Device - Nexus 5" tests="4" failures="4" timestamp="14 Dec 2017 11:49:38 GMT" time="42.004" errors="0">
  <testcase name="verifyHome" time="0.006" classname="mavepro.mavepro.MavHomeTest">
    <failure type="java.lang.AssertionError" message="expected [true] but found [false]">
      <![CDATA[java.lang.AssertionError: expected [true] but found [false]at mavepro.home.MavHome.enterTheCodeButtonIsExists(MavHome.java:45)at mavepro.mavepro.MavHomeTest.verifyHome(MavHomeTest.java:23)... Removed 32 stack frames]]>
    </failure>
  </testcase> <!-- verifyHome -->
  <testcase name="verifyRegistration" time="0.0" classname="mavepro.mavepro.RegistrationTest">
    <failure type="org.openqa.selenium.NoSuchSessionException" message="Session ID is null. Using WebDriver after calling quit()?
Build info: version: &amp;apos;3.6.0&amp;apos;, revision: &amp;apos;6fbf3ec767&amp;apos;, time: &amp;apos;2017-09-27T15:28:36.4Z&amp;apos;
System info: host: &amp;apos;WS-43&amp;apos;, ip: &amp;apos;169.254.238.116&amp;apos;, os.name: &amp;apos;Windows 7&amp;apos;, os.arch: &amp;apos;amd64&amp;apos;, os.version: &amp;apos;6.1&amp;apos;, java.version: &amp;apos;1.8.0_111&amp;apos;
Driver info: driver.version: RemoteWebDriver">
      <![CDATA[org.openqa.selenium.NoSuchSessionException: Session ID is null. Using WebDriver after calling quit()?Build info: version: '3.6.0', revision: '6fbf3ec767', time: '2017-09-27T15:28:36.4Z'System info: host: 'WS-43', ip: '169.254.238.116', os.name: 'Windows 7', os.arch: 'amd64', os.version: '6.1', java.version: '1.8.0_111'Driver info: driver.version: RemoteWebDriverat org.openqa.selenium.remote.HttpCommandExecutor.execute(HttpCommandExecutor.java:131)at org.openqa.selenium.remote.RemoteWebDriver.execute(RemoteWebDriver.java:586)at org.openqa.selenium.remote.RemoteWebDriver.findElement(RemoteWebDriver.java:356)at org.openqa.selenium.remote.RemoteWebDriver.findElementByClassName(RemoteWebDriver.java:442)at org.openqa.selenium.By$ByClassName.findElement(By.java:391)at org.openqa.selenium.remote.RemoteWebDriver.findElement(RemoteWebDriver.java:348)at mavepro.mavepro.UiHelper.enterText(UiHelper.java:45)at mavepro.register.Registration.enterRegistrationCode(Registration.java:39)at mavepro.mavepro.RegistrationTest.verifyRegistration(RegistrationTest.java:17)... Removed 28 stack frames]]>
    </failure>
  </testcase> <!-- verifyRegistration -->
  <testcase name="verifyRaterSummaryInformation" time="0.0" classname="mavepro.mavepro.RaterSummaryTest">
    <failure type="org.openqa.selenium.NoSuchSessionException" message="Session ID is null. Using WebDriver after calling quit()?
Build info: version: &amp;apos;3.6.0&amp;apos;, revision: &amp;apos;6fbf3ec767&amp;apos;, time: &amp;apos;2017-09-27T15:28:36.4Z&amp;apos;
System info: host: &amp;apos;WS-43&amp;apos;, ip: &amp;apos;169.254.238.116&amp;apos;, os.name: &amp;apos;Windows 7&amp;apos;, os.arch: &amp;apos;amd64&amp;apos;, os.version: &amp;apos;6.1&amp;apos;, java.version: &amp;apos;1.8.0_111&amp;apos;
Driver info: driver.version: RemoteWebDriver">
      <![CDATA[org.openqa.selenium.NoSuchSessionException: Session ID is null. Using WebDriver after calling quit()?Build info: version: '3.6.0', revision: '6fbf3ec767', time: '2017-09-27T15:28:36.4Z'System info: host: 'WS-43', ip: '169.254.238.116', os.name: 'Windows 7', os.arch: 'amd64', os.version: '6.1', java.version: '1.8.0_111'Driver info: driver.version: RemoteWebDriverat org.openqa.selenium.remote.HttpCommandExecutor.execute(HttpCommandExecutor.java:131)at org.openqa.selenium.remote.RemoteWebDriver.execute(RemoteWebDriver.java:586)at org.openqa.selenium.remote.RemoteWebDriver.findElements(RemoteWebDriver.java:383)at org.openqa.selenium.remote.RemoteWebDriver.findElementsByClassName(RemoteWebDriver.java:446)at org.openqa.selenium.By$ByClassName.findElements(By.java:383)at org.openqa.selenium.remote.RemoteWebDriver.findElements(RemoteWebDriver.java:344)at mavepro.mavepro.UiHelper.getElements(UiHelper.java:83)at mavepro.summary.RaterSummary.isTextIsCorrect(RaterSummary.java:34)at mavepro.summary.RaterSummary.welcomeMessageIsExists(RaterSummary.java:22)at mavepro.mavepro.RaterSummaryTest.verifyRaterSummaryInformation(RaterSummaryTest.java:16)... Removed 28 stack frames]]>
    </failure>
  </testcase> <!-- verifyRaterSummaryInformation -->
  <testcase name="verifyRaterSummaryInformation" time="3.376" classname="mavepro.mavepro.RaterSummaryTest">
    <failure type="java.lang.IndexOutOfBoundsException" message="Index: 0, Size: 0">
      <![CDATA[java.lang.IndexOutOfBoundsException: Index: 0, Size: 0at java.util.ArrayList.rangeCheck(Unknown Source)at java.util.ArrayList.get(Unknown Source)at pdfreport.PDFGenerator.generatePDF(PDFGenerator.java:230)at pdfreport.PdfLogging.onTestFailure(PdfLogging.java:148)... Removed 25 stack frames]]>
    </failure>
  </testcase> <!-- verifyRaterSummaryInformation -->
  <testcase name="@BeforeTest appiumTestSetUp" time="0.0" classname="mavepro.mavepro.AbstractTest">
    <ignored/>
  </testcase> <!-- @BeforeTest appiumTestSetUp -->
  <testcase name="@BeforeTest appiumTestSetUp" time="0.0" classname="mavepro.mavepro.AbstractTest">
    <ignored/>
  </testcase> <!-- @BeforeTest appiumTestSetUp -->
  <testcase name="@AfterTest appiumTestTearDown" time="0.0" classname="mavepro.mavepro.AbstractTest">
    <ignored/>
  </testcase> <!-- @AfterTest appiumTestTearDown -->
  <testcase name="@AfterTest appiumTestTearDown" time="0.0" classname="mavepro.mavepro.AbstractTest">
    <ignored/>
  </testcase> <!-- @AfterTest appiumTestTearDown -->
  <testcase name="@BeforeSuite beforeSuite" time="0.0" classname="mavepro.mavepro.AbstractTest">
    <ignored/>
  </testcase> <!-- @BeforeSuite beforeSuite -->
  <testcase name="@BeforeSuite beforeSuite" time="0.0" classname="mavepro.mavepro.AbstractTest">
    <ignored/>
  </testcase> <!-- @BeforeSuite beforeSuite -->
</testsuite> <!-- Regression test on Device - Nexus 5 -->
