<?xml version="1.0" encoding="UTF-8"?>
<!-- Generated by org.testng.reporters.JUnitXMLReporter -->
<testsuite hostname="ws-43" ignored="6" name="Test" tests="3" failures="0" timestamp="13 Dec 2017 12:53:02 GMT" time="18.628" errors="0">
  <testcase name="@BeforeTest appiumTestSetUp" time="0.0" classname="mavepro.mavepro.AbstractTest">
    <failure type="org.openqa.selenium.remote.UnreachableBrowserException" message="Could not start a new session. Possible causes are invalid address of the remote server or browser start-up failure.
Build info: version: &amp;apos;3.6.0&amp;apos;, revision: &amp;apos;6fbf3ec767&amp;apos;, time: &amp;apos;2017-09-27T15:28:36.4Z&amp;apos;
System info: host: &amp;apos;WS-43&amp;apos;, ip: &amp;apos;169.254.238.116&amp;apos;, os.name: &amp;apos;Windows 7&amp;apos;, os.arch: &amp;apos;amd64&amp;apos;, os.version: &amp;apos;6.1&amp;apos;, java.version: &amp;apos;1.8.0_111&amp;apos;
Driver info: driver.version: RemoteWebDriver">
      <![CDATA[org.openqa.selenium.remote.UnreachableBrowserException: Could not start a new session. Possible causes are invalid address of the remote server or browser start-up failure.
Build info: version: '3.6.0', revision: '6fbf3ec767', time: '2017-09-27T15:28:36.4Z'
System info: host: 'WS-43', ip: '169.254.238.116', os.name: 'Windows 7', os.arch: 'amd64', os.version: '6.1', java.version: '1.8.0_111'
Driver info: driver.version: RemoteWebDriver
	at org.openqa.selenium.remote.RemoteWebDriver.execute(RemoteWebDriver.java:607)
	at org.openqa.selenium.remote.RemoteWebDriver.startSession(RemoteWebDriver.java:217)
	at org.openqa.selenium.remote.RemoteWebDriver.<init>(RemoteWebDriver.java:140)
	at org.openqa.selenium.remote.RemoteWebDriver.<init>(RemoteWebDriver.java:153)
	at mavepro.mavepro.AbstractTest.appiumTestSetUp(AbstractTest.java:54)
Caused by: java.net.SocketException: Connection reset
	at java.net.SocketInputStream.read(Unknown Source)
	at java.net.SocketInputStream.read(Unknown Source)
	at org.apache.http.impl.io.SessionInputBufferImpl.streamRead(SessionInputBufferImpl.java:137)
	at org.apache.http.impl.io.SessionInputBufferImpl.fillBuffer(SessionInputBufferImpl.java:153)
	at org.apache.http.impl.io.SessionInputBufferImpl.readLine(SessionInputBufferImpl.java:282)
	at org.apache.http.impl.conn.DefaultHttpResponseParser.parseHead(DefaultHttpResponseParser.java:138)
	at org.apache.http.impl.conn.DefaultHttpResponseParser.parseHead(DefaultHttpResponseParser.java:56)
	at org.apache.http.impl.io.AbstractMessageParser.parse(AbstractMessageParser.java:259)
	at org.apache.http.impl.DefaultBHttpClientConnection.receiveResponseHeader(DefaultBHttpClientConnection.java:163)
	at org.apache.http.impl.conn.CPoolProxy.receiveResponseHeader(CPoolProxy.java:165)
	at org.apache.http.protocol.HttpRequestExecutor.doReceiveResponse(HttpRequestExecutor.java:273)
	at org.apache.http.protocol.HttpRequestExecutor.execute(HttpRequestExecutor.java:125)
	at org.apache.http.impl.execchain.MainClientExec.execute(MainClientExec.java:272)
	at org.apache.http.impl.execchain.ProtocolExec.execute(ProtocolExec.java:185)
	at org.apache.http.impl.execchain.RetryExec.execute(RetryExec.java:89)
	at org.apache.http.impl.execchain.RedirectExec.execute(RedirectExec.java:111)
	at org.apache.http.impl.client.InternalHttpClient.doExecute(InternalHttpClient.java:185)
	at org.apache.http.impl.client.CloseableHttpClient.execute(CloseableHttpClient.java:72)
	at org.apache.http.impl.client.CloseableHttpClient.execute(CloseableHttpClient.java:56)
	at org.openqa.selenium.remote.internal.ApacheHttpClient.fallBackExecute(ApacheHttpClient.java:138)
	at org.openqa.selenium.remote.internal.ApacheHttpClient.execute(ApacheHttpClient.java:86)
	at org.openqa.selenium.remote.ProtocolHandshake.createSession(ProtocolHandshake.java:337)
	at org.openqa.selenium.remote.ProtocolHandshake.createSession(ProtocolHandshake.java:136)
	at org.openqa.selenium.remote.HttpCommandExecutor.execute(HttpCommandExecutor.java:142)
	at org.openqa.selenium.remote.RemoteWebDriver.execute(RemoteWebDriver.java:586)
	... 27 more
... Removed 23 stack frames]]>
    </failure>
  </testcase> <!-- @BeforeTest appiumTestSetUp -->
  <testcase name="@BeforeMethod beforeMethod" time="0.0" classname="mavepro.mavepro.MavHomeTest">
    <skipped/>
  </testcase> <!-- @BeforeMethod beforeMethod -->
  <testcase name="@AfterMethod afterMethod" time="0.0" classname="mavepro.mavepro.MavHomeTest">
    <skipped/>
  </testcase> <!-- @AfterMethod afterMethod -->
  <testcase name="@BeforeMethod beforeMethod" time="0.0" classname="mavepro.mavepro.RegistrationTest">
    <skipped/>
  </testcase> <!-- @BeforeMethod beforeMethod -->
  <testcase name="@AfterMethod afterMethod" time="0.0" classname="mavepro.mavepro.RegistrationTest">
    <skipped/>
  </testcase> <!-- @AfterMethod afterMethod -->
  <testcase name="@AfterMethod afterMethod" time="0.0" classname="mavepro.mavepro.RaterSummaryTest">
    <skipped/>
  </testcase> <!-- @AfterMethod afterMethod -->
  <testcase name="@AfterTest appiumTestTearDown" time="0.0" classname="mavepro.mavepro.AbstractTest">
    <skipped/>
  </testcase> <!-- @AfterTest appiumTestTearDown -->
  <testcase name="verifyHome" time="0.001" classname="mavepro.mavepro.MavHomeTest">
    <skipped/>
  </testcase> <!-- verifyHome -->
  <testcase name="verifyRegistration" time="0.001" classname="mavepro.mavepro.RegistrationTest">
    <skipped/>
  </testcase> <!-- verifyRegistration -->
  <testcase name="verifyRaterSummaryInformation" time="0.001" classname="mavepro.mavepro.RaterSummaryTest">
    <skipped/>
  </testcase> <!-- verifyRaterSummaryInformation -->
  <testcase name="@BeforeTest appiumTestSetUp" time="0.0" classname="mavepro.mavepro.AbstractTest">
    <ignored/>
  </testcase> <!-- @BeforeTest appiumTestSetUp -->
  <testcase name="@BeforeTest appiumTestSetUp" time="0.0" classname="mavepro.mavepro.AbstractTest">
    <ignored/>
  </testcase> <!-- @BeforeTest appiumTestSetUp -->
  <testcase name="@AfterTest appiumTestTearDown" time="0.0" classname="mavepro.mavepro.AbstractTest">
    <ignored/>
  </testcase> <!-- @AfterTest appiumTestTearDown -->
  <testcase name="@AfterTest appiumTestTearDown" time="0.0" classname="mavepro.mavepro.AbstractTest">
    <ignored/>
  </testcase> <!-- @AfterTest appiumTestTearDown -->
  <testcase name="@BeforeSuite beforeSuite" time="0.0" classname="mavepro.mavepro.AbstractTest">
    <ignored/>
  </testcase> <!-- @BeforeSuite beforeSuite -->
  <testcase name="@BeforeSuite beforeSuite" time="0.0" classname="mavepro.mavepro.AbstractTest">
    <ignored/>
  </testcase> <!-- @BeforeSuite beforeSuite -->
</testsuite> <!-- Test -->
